=== EMAIL SENT ===
To: aaki@gmail.com
Subject: Your GitHub Updates Verification Code
Verification Code: 798551
Timestamp: 2025-06-12 08:20:18
--- Plain Text Version ---
GitHub Updates Verification

Hello,

Thank you for subscribing to GitHub timeline updates!
Please use the verification code below to complete your subscription:

VERIFICATION CODE: 798551

This code will expire in 15 minutes for security reasons.
If you didn't request this, please ignore this email.

This is an automated message from GitHub Updates Service
--- HTML Version (stripped) ---

    
    
        
            body { font-family: Arial, sans-serif; line-height: 1.6; color: #333; }
            .container { max-width: 600px; margin: 0 auto; padding: 20px; }
            .header { background: #0a74da; color: white; padding: 20px; text-align: center; }
            .content { padding: 20px; background: #f9f9f9; }
            .code { font-size: 28px; font-weight: bold; color: #0a74da; text-align: center; 
                    background: white; padding: 20px; margin: 20px 0; border: 3px dashed #0a74da; 
                    border-radius: 8px; letter-spacing: 3px; }
            .footer { text-align: center; color: #666; font-size: 12px; padding: 10px; }
        
    
    
        
            
                📧 GitHub Updates Verification
            
            
                Hello,
                Thank you for subscribing to GitHub timeline updates! Please use the verification code below to complete your subscription:
                798551
                Your verification code is: 798551
                This code will expire in 15 minutes for security reasons.
                If you didn't request this, please ignore this email.
            
            
                This is an automated message from GitHub Updates Service
            
        
    
    

=== EMAIL SENT ===
To: atharvagunjarge@gmail.com
Subject: Your GitHub Updates Verification Code
Verification Code: 657500
Timestamp: 2025-06-12 08:33:51
--- Plain Text Version ---
GitHub Updates Verification

Hello,

Thank you for subscribing to GitHub timeline updates!
Please use the verification code below to complete your subscription:

VERIFICATION CODE: 657500

This code will expire in 15 minutes for security reasons.
If you didn't request this, please ignore this email.

This is an automated message from GitHub Updates Service
--- HTML Version (stripped) ---

    
    
        
            body { font-family: Arial, sans-serif; line-height: 1.6; color: #333; }
            .container { max-width: 600px; margin: 0 auto; padding: 20px; }
            .header { background: #0a74da; color: white; padding: 20px; text-align: center; }
            .content { padding: 20px; background: #f9f9f9; }
            .code { font-size: 28px; font-weight: bold; color: #0a74da; text-align: center; 
                    background: white; padding: 20px; margin: 20px 0; border: 3px dashed #0a74da; 
                    border-radius: 8px; letter-spacing: 3px; }
            .footer { text-align: center; color: #666; font-size: 12px; padding: 10px; }
        
    
    
        
            
                📧 GitHub Updates Verification
            
            
                Hello,
                Thank you for subscribing to GitHub timeline updates! Please use the verification code below to complete your subscription:
                657500
                Your verification code is: 657500
                This code will expire in 15 minutes for security reasons.
                If you didn't request this, please ignore this email.
            
            
                This is an automated message from GitHub Updates Service
            
        
    
    

=== EMAIL SENT ===
To: atharvagunjarge@gmail.com
Subject: Your GitHub Updates Verification Code
Verification Code: 115002
Timestamp: 2025-06-12 08:36:33
--- Plain Text Version ---
GitHub Updates Verification

Hello,

Thank you for subscribing to GitHub timeline updates!
Please use the verification code below to complete your subscription:

VERIFICATION CODE: 115002

This code will expire in 15 minutes for security reasons.
If you didn't request this, please ignore this email.

This is an automated message from GitHub Updates Service
--- HTML Version (stripped) ---

    
    
        
            body { font-family: Arial, sans-serif; line-height: 1.6; color: #333; }
            .container { max-width: 600px; margin: 0 auto; padding: 20px; }
            .header { background: #0a74da; color: white; padding: 20px; text-align: center; }
            .content { padding: 20px; background: #f9f9f9; }
            .code { font-size: 28px; font-weight: bold; color: #0a74da; text-align: center; 
                    background: white; padding: 20px; margin: 20px 0; border: 3px dashed #0a74da; 
                    border-radius: 8px; letter-spacing: 3px; }
            .footer { text-align: center; color: #666; font-size: 12px; padding: 10px; }
        
    
    
        
            
                📧 GitHub Updates Verification
            
            
                Hello,
                Thank you for subscribing to GitHub timeline updates! Please use the verification code below to complete your subscription:
                115002
                Your verification code is: 115002
                This code will expire in 15 minutes for security reasons.
                If you didn't request this, please ignore this email.
            
            
                This is an automated message from GitHub Updates Service
            
        
    
    

=== EMAIL SENT ===
To: atharvagunjarge@gmail.com
Subject: Your GitHub Updates Verification Code
Verification Code: 193636
Timestamp: 2025-06-12 08:38:15
--- Plain Text Version ---
GitHub Updates Verification

Hello,

Thank you for subscribing to GitHub timeline updates!
Please use the verification code below to complete your subscription:

VERIFICATION CODE: 193636

This code will expire in 15 minutes for security reasons.
If you didn't request this, please ignore this email.

This is an automated message from GitHub Updates Service
--- HTML Version (stripped) ---

    
    
        
            body { font-family: Arial, sans-serif; line-height: 1.6; color: #333; }
            .container { max-width: 600px; margin: 0 auto; padding: 20px; }
            .header { background: #0a74da; color: white; padding: 20px; text-align: center; }
            .content { padding: 20px; background: #f9f9f9; }
            .code { font-size: 28px; font-weight: bold; color: #0a74da; text-align: center; 
                    background: white; padding: 20px; margin: 20px 0; border: 3px dashed #0a74da; 
                    border-radius: 8px; letter-spacing: 3px; }
            .footer { text-align: center; color: #666; font-size: 12px; padding: 10px; }
        
    
    
        
            
                📧 GitHub Updates Verification
            
            
                Hello,
                Thank you for subscribing to GitHub timeline updates! Please use the verification code below to complete your subscription:
                193636
                Your verification code is: 193636
                This code will expire in 15 minutes for security reasons.
                If you didn't request this, please ignore this email.
            
            
                This is an automated message from GitHub Updates Service
            
        
    
    

=== EMAIL SENT ===
To: aaki@gmail.com
Subject: Your GitHub Updates Verification Code
Verification Code: 760321
Timestamp: 2025-06-12 08:39:16
--- Plain Text Version ---
GitHub Updates Verification

Hello,

Thank you for subscribing to GitHub timeline updates!
Please use the verification code below to complete your subscription:

VERIFICATION CODE: 760321

This code will expire in 15 minutes for security reasons.
If you didn't request this, please ignore this email.

This is an automated message from GitHub Updates Service
--- HTML Version (stripped) ---

    
    
        
            body { font-family: Arial, sans-serif; line-height: 1.6; color: #333; }
            .container { max-width: 600px; margin: 0 auto; padding: 20px; }
            .header { background: #0a74da; color: white; padding: 20px; text-align: center; }
            .content { padding: 20px; background: #f9f9f9; }
            .code { font-size: 28px; font-weight: bold; color: #0a74da; text-align: center; 
                    background: white; padding: 20px; margin: 20px 0; border: 3px dashed #0a74da; 
                    border-radius: 8px; letter-spacing: 3px; }
            .footer { text-align: center; color: #666; font-size: 12px; padding: 10px; }
        
    
    
        
            
                📧 GitHub Updates Verification
            
            
                Hello,
                Thank you for subscribing to GitHub timeline updates! Please use the verification code below to complete your subscription:
                760321
                Your verification code is: 760321
                This code will expire in 15 minutes for security reasons.
                If you didn't request this, please ignore this email.
            
            
                This is an automated message from GitHub Updates Service
            
        
    
    

